2017-04-07 17:15:27	refund-request
<xml><appid>1105994087</appid><mch_id>1447755601</mch_id><nonce_str>ZNSs4qiYVl2oybQr</nonce_str><out_trade_no></out_trade_no><out_refund_no>1491556527</out_refund_no><refund_fee>0</refund_fee><op_user_id>1447755601</op_user_id><op_user_password>97b7917a023928a2fb7799589985f4a7</op_user_password><sign>E6991F561415FE5D8F2E1A2EC6865A81</sign></xml>
2017-04-07 17:56:55	refund-request
<xml><appid>1105994087</appid><mch_id>1447755601</mch_id><nonce_str>hBlbX8GOKDAe35fT</nonce_str><out_trade_no></out_trade_no><out_refund_no>1491559015</out_refund_no><refund_fee>0</refund_fee><op_user_id>1447755601</op_user_id><op_user_password>97b7917a023928a2fb7799589985f4a7</op_user_password><sign>B60ED561FAED9858891D005C9E63EEF1</sign></xml>
2017-04-07 18:20:22	refund-request
<xml><appid>1105994087</appid><mch_id>1447755601</mch_id><nonce_str>03W9B6DQRGlNwfXd</nonce_str><out_trade_no></out_trade_no><out_refund_no>1491560422</out_refund_no><refund_fee>0</refund_fee><op_user_id>1447755601</op_user_id><op_user_password>97b7917a023928a2fb7799589985f4a7</op_user_password><sign>70498BFF1FF9533C04CA826E0D599C9A</sign></xml>
2017-04-08 11:18:04	refund-request
<xml><appid>1105994087</appid><mch_id>1447755601</mch_id><nonce_str>sazoI3L5pfdeBN4Q</nonce_str><out_trade_no>201704051544504254</out_trade_no><out_refund_no>2017040515445042541491621484</out_refund_no><refund_fee>1</refund_fee><op_user_id>1447755601</op_user_id><op_user_password>97b7917a023928a2fb7799589985f4a7</op_user_password><sign>2E899ECD28BFA31C92DC57CD927BE179</sign></xml>
2017-04-08 11:35:02	refund-request
<xml><appid>1105994087</appid><mch_id>1447755601</mch_id><nonce_str>heiJ1T0KIDUbsCcH</nonce_str><out_trade_no>201704051544504254</out_trade_no><out_refund_no>2017040515445042541491622501</out_refund_no><refund_fee>1</refund_fee><op_user_id>1447755601</op_user_id><op_user_password>97b7917a023928a2fb7799589985f4a7</op_user_password><sign>71909523463870B55AFFD2D78B22C6B7</sign></xml>
2017-04-08 11:35:42	refund-request
<xml><appid>1105994087</appid><mch_id>1447755601</mch_id><nonce_str>LEdVRl42DNsrXaU8</nonce_str><out_trade_no>201704051544504254</out_trade_no><out_refund_no>2017040515445042541491622519</out_refund_no><refund_fee>1</refund_fee><op_user_id>1447755601</op_user_id><op_user_password>97b7917a023928a2fb7799589985f4a7</op_user_password><sign>69CD5E070276B6F4C6F0679BABA4C5CE</sign></xml>
2017-04-08 11:36:07	refund-request
<xml><appid>1105994087</appid><mch_id>1447755601</mch_id><nonce_str>mfMTP3dN9Ur7HYiv</nonce_str><out_trade_no>201704051544504254</out_trade_no><out_refund_no>2017040515445042541491622567</out_refund_no><refund_fee>1</refund_fee><op_user_id>1447755601</op_user_id><op_user_password>97b7917a023928a2fb7799589985f4a7</op_user_password><sign>CCA16ABE5FECFD251947E15066AD96C8</sign></xml>
2017-04-08 14:00:59	refund-request
<xml><appid>1105994087</appid><mch_id>1447755601</mch_id><nonce_str>KNJeLlW2HBnVP7Ta</nonce_str><out_trade_no>201704051544504254</out_trade_no><out_refund_no>2017040515445042541491631245</out_refund_no><refund_fee>1</refund_fee><op_user_id>1447755601</op_user_id><op_user_password>97b7917a023928a2fb7799589985f4a7</op_user_password><sign>364E82C48A1A180F8D241642707EC94D</sign></xml>
2017-04-08 14:03:32	refund-request
<xml><appid>1105994087</appid><mch_id>1447755601</mch_id><nonce_str>kB3cOKy8ni7YzVXg</nonce_str><out_trade_no>201704051544504254</out_trade_no><out_refund_no>2017040515445042541491631405</out_refund_no><refund_fee>1</refund_fee><op_user_id>1447755601</op_user_id><op_user_password>97b7917a023928a2fb7799589985f4a7</op_user_password><sign>D9E5A0DBFD2F2528570D49E316BF2285</sign></xml>
2017-04-08 14:06:47	refund-request
<xml><appid>1105994087</appid><mch_id>1447755601</mch_id><nonce_str>A0XVtZe3znWjlUKB</nonce_str><out_trade_no>201704051544504254</out_trade_no><out_refund_no>2017040515445042541491631606</out_refund_no><refund_fee>1</refund_fee><op_user_id>1447755601</op_user_id><op_user_password>97b7917a023928a2fb7799589985f4a7</op_user_password><sign>D327835754224A8EBD9DD2C25A163109</sign></xml>
2017-04-08 14:15:37	refund-request
<xml><appid>1105994087</appid><mch_id>1447755601</mch_id><nonce_str>K6EWSnOyGsuiLDrh</nonce_str><out_trade_no>201704051544504254</out_trade_no><out_refund_no>2017040515445042541491632137</out_refund_no><refund_fee>1</refund_fee><op_user_id>1447755601</op_user_id><op_user_password>97b7917a023928a2fb7799589985f4a7</op_user_password><sign>F81B098455FECAF408EA830B4D242D7E</sign></xml>
2017-04-08 14:16:15	refund-request
<xml><appid>1105994087</appid><mch_id>1447755601</mch_id><nonce_str>fuPw7Qljk6Y8hpVT</nonce_str><out_trade_no>201704051544504254</out_trade_no><out_refund_no>2017040515445042541491632165</out_refund_no><refund_fee>1</refund_fee><op_user_id>1447755601</op_user_id><op_user_password>97b7917a023928a2fb7799589985f4a7</op_user_password><sign>F6B41741CBAD1D82255847CBDDA64951</sign></xml>
2017-04-08 14:16:32	refund-request
<xml><appid>1105994087</appid><mch_id>1447755601</mch_id><nonce_str>SYdyKqBzCmg19W3s</nonce_str><out_trade_no>201704051544504254</out_trade_no><out_refund_no>2017040515445042541491632192</out_refund_no><refund_fee>1</refund_fee><op_user_id>1447755601</op_user_id><op_user_password>97b7917a023928a2fb7799589985f4a7</op_user_password><sign>F2D2015404C1B71B07BAB9C34C9F7E0C</sign></xml>
2017-04-08 14:16:58	refund-request
<xml><appid>1105994087</appid><mch_id>1447755601</mch_id><nonce_str>C1qghrQLGBU0ZjvV</nonce_str><out_trade_no>201704051544504254</out_trade_no><out_refund_no>2017040515445042541491632218</out_refund_no><refund_fee>1</refund_fee><op_user_id>1447755601</op_user_id><op_user_password>97b7917a023928a2fb7799589985f4a7</op_user_password><sign>AC1B2C4E3F3B047F20AB23C88520AAFC</sign></xml>
2017-04-08 14:27:21	refund-request
<xml><appid>1105994087</appid><mch_id>1447755601</mch_id><nonce_str>Gm9RTxsNA0yKHIYj</nonce_str><out_trade_no>201704051544504254</out_trade_no><out_refund_no>2017040515445042541491632841</out_refund_no><refund_fee>1</refund_fee><op_user_id>1447755601</op_user_id><op_user_password>97b7917a023928a2fb7799589985f4a7</op_user_password><sign>E6E5E4D80596709EA72671B398447E80</sign></xml>
2017-04-08 14:28:48	refund-response

2017-04-08 14:29:25	refund-request
<xml><appid>1105994087</appid><mch_id>1447755601</mch_id><nonce_str>GyvRbVMsH5QfY2n9</nonce_str><out_trade_no>201704051544504254</out_trade_no><out_refund_no>2017040515445042541491632965</out_refund_no><refund_fee>1</refund_fee><op_user_id>1447755601</op_user_id><op_user_password>97b7917a023928a2fb7799589985f4a7</op_user_password><sign>612A1B93981B3D4520A373785275F407</sign></xml>
2017-04-08 14:29:40	refund-response

2017-04-08 14:31:13	refund-request
<xml><appid>1105994087</appid><mch_id>1447755601</mch_id><nonce_str>XebPnrj4gycShu8x</nonce_str><out_trade_no>201704051544504254</out_trade_no><out_refund_no>2017040515445042541491633073</out_refund_no><refund_fee>1</refund_fee><op_user_id>1447755601</op_user_id><op_user_password>97b7917a023928a2fb7799589985f4a7</op_user_password><sign>498F3FDC0E3B2480AE20B7571C5AA03C</sign></xml>
2017-04-08 14:32:39	refund-request
<xml><appid>1105994087</appid><mch_id>1447755601</mch_id><nonce_str>sAou3wbSPWgBl1fh</nonce_str><out_trade_no>201704051544504254</out_trade_no><out_refund_no>2017040515445042541491633159</out_refund_no><refund_fee>1</refund_fee><op_user_id>1447755601</op_user_id><op_user_password>97b7917a023928a2fb7799589985f4a7</op_user_password><sign>452BB1D420D01A4AB6EB676DA8EF4651</sign></xml>
2017-04-08 14:40:32	refund-request
<xml><appid>1105994087</appid><mch_id>1447755601</mch_id><nonce_str>xwE8SbMTy1lKHt9R</nonce_str><out_trade_no>201704051544504254</out_trade_no><out_refund_no>2017040515445042541491633626</out_refund_no><refund_fee>1</refund_fee><op_user_id>1447755601</op_user_id><op_user_password>97b7917a023928a2fb7799589985f4a7</op_user_password><sign>28EFC15BA072849C72F23CCD6D6BD238</sign></xml>
2017-04-08 14:40:49	refund-request
<xml><appid>1105994087</appid><mch_id>1447755601</mch_id><nonce_str>yxDGz5wMPQXt10T2</nonce_str><out_trade_no>201704051544504254</out_trade_no><out_refund_no>2017040515445042541491633642</out_refund_no><refund_fee>1</refund_fee><op_user_id>1447755601</op_user_id><op_user_password>97b7917a023928a2fb7799589985f4a7</op_user_password><sign>5126CEEF23ABAB57CF4F3103A044A796</sign></xml>
2017-04-08 14:58:52	refund-request
<xml><appid>1105994087</appid><mch_id>1447755601</mch_id><nonce_str>a2ygzSFQPtXZ0nKR</nonce_str><out_trade_no>201704051544504254</out_trade_no><out_refund_no>2017040515445042541491634726</out_refund_no><refund_fee>1</refund_fee><op_user_id>1447755601</op_user_id><op_user_password>97b7917a023928a2fb7799589985f4a7</op_user_password><sign>0FA36C1D891C855D5B7059224929654D</sign></xml>
